<?xml version="1.0" encoding="UTF-8" ?>
<testsuite tests="3" failures="0" name="service.DistanceCalculatorServiceTest" time="0.002" errors="0" skipped="0">
  <properties>
[...]
</properties>
  <testcase classname="service.DistanceCalculatorServiceTest" name="service.DistanceCalculatorServiceTest.testQEWHighway400" time="0.002"/>
  <testcase classname="service.DistanceCalculatorServiceTest" name="service.DistanceCalculatorServiceTest.testSalemRoadQEW" time="0"/>
  <testcase classname="service.DistanceCalculatorServiceTest" name="service.DistanceCalculatorServiceTest.testQEWSalemRoad" time="0"/>
</testsuite>